<?xml version="1.0" encoding="UTF-8"?>
<testsuite name="com.kishor.adapter.DomainTests" tests="7" skipped="0" failures="0" errors="0" timestamp="2020-04-18T10:12:55" hostname="sin-mac-yishun.local" time="0.025">
  <properties/>
  <testcase name="verifyBikeHasEngine" classname="com.kishor.adapter.DomainTests" time="0.002"/>
  <testcase name="verifyCarHasEngine" classname="com.kishor.adapter.DomainTests" time="0.0"/>
  <testcase name="verifyCostOfAllVehicle" classname="com.kishor.adapter.DomainTests" time="0.02"/>
  <testcase name="verifyCarHasWindows" classname="com.kishor.adapter.DomainTests" time="0.0"/>
  <testcase name="verifyBikeCost" classname="com.kishor.adapter.DomainTests" time="0.0"/>
  <testcase name="verifyClientAdapter" classname="com.kishor.adapter.DomainTests" time="0.0"/>
  <testcase name="calculateCarCost" classname="com.kishor.adapter.DomainTests" time="0.0"/>
  <system-out><![CDATA[]]></system-out>
  <system-err><![CDATA[]]></system-err>
</testsuite>
